<?xml version="1.0" encoding="UTF-8"?>
<!-- Generated by org.testng.reporters.JUnitXMLReporter -->
<testsuite ignored="5" hostname="DESKTOP-FCLNE8N" failures="0" tests="5" name="Suite" time="4.653" errors="0" timestamp="2023-08-09T12:46:42 IST">
  <testcase classname="TestNgPractice.userRigistrationTest" name="LoginUser" time="0.005"/>
  <testcase classname="TestNgPractice.userRigistrationTest" name="RigisterUser" time="0.002"/>
  <testcase classname="TestNgPractice.AdminLoginTest" name="LoginasAdmin" time="0.002"/>
  <testcase classname="TestNgPractice.AdminLoginTest" name="LogoutasAdmin" time="0.001"/>
  <testcase classname="TestNgPractice.DoctorLoginTest" name="LoginasDoctors" time="0.001"/>
  <testcase classname="TestNgPractice.DoctorLoginTest" name="LogoutasDoctors" time="0.0">
    <ignored/>
  </testcase> <!-- LogoutasDoctors -->
  <testcase classname="com.hms.GenericUtility.BaseClass" name="@AfterSuite config_AS" time="0.0">
    <ignored/>
  </testcase> <!-- @AfterSuite config_AS -->
  <testcase classname="com.hms.GenericUtility.BaseClass" name="@AfterSuite config_AS" time="0.0">
    <ignored/>
  </testcase> <!-- @AfterSuite config_AS -->
  <testcase classname="com.hms.GenericUtility.BaseClass" name="@BeforeSuite config_BS" time="0.0">
    <ignored/>
  </testcase> <!-- @BeforeSuite config_BS -->
  <testcase classname="com.hms.GenericUtility.BaseClass" name="@BeforeSuite config_BS" time="0.0">
    <ignored/>
  </testcase> <!-- @BeforeSuite config_BS -->
</testsuite> <!-- Suite -->
