<?xml version="1.0" encoding="UTF-8"?>
<!-- Generated by org.testng.reporters.JUnitXMLReporter -->
<testsuite ignored="19" hostname="DESKTOP-FCLNE8N" failures="0" tests="3" name="TestRunner-2" time="8.285" errors="0" timestamp="2023-08-08T16:25:16 IST">
  <testcase classname="FrameworkusingBaseclass.AdminManageUserTest" name="AdminUserTest" time="0.989"/>
  <testcase classname="FrameworkusingBaseclass.UserabletoCreateAccountTest" name="UserabletocreateAcc" time="1.66"/>
  <testcase classname="FrameworkusingBaseclass.UserabletoLoginTest" name="Userabletologin" time="2.077"/>
  <testcase classname="com.hms.GenericUtility.BaseClass" name="@AfterSuite config_AS" time="0.0">
    <ignored/>
  </testcase> <!-- @AfterSuite config_AS -->
  <testcase classname="com.hms.GenericUtility.BaseClass" name="@AfterSuite config_AS" time="0.0">
    <ignored/>
  </testcase> <!-- @AfterSuite config_AS -->
  <testcase classname="com.hms.GenericUtility.BaseClass" name="@AfterSuite config_AS" time="0.0">
    <ignored/>
  </testcase> <!-- @AfterSuite config_AS -->
  <testcase classname="com.hms.GenericUtility.BaseClass" name="@AfterSuite config_AS" time="0.0">
    <ignored/>
  </testcase> <!-- @AfterSuite config_AS -->
  <testcase classname="com.hms.GenericUtility.BaseClass" name="@AfterSuite config_AS" time="0.0">
    <ignored/>
  </testcase> <!-- @AfterSuite config_AS -->
  <testcase classname="com.hms.GenericUtility.BaseClass" name="@AfterSuite config_AS" time="0.0">
    <ignored/>
  </testcase> <!-- @AfterSuite config_AS -->
  <testcase classname="com.hms.GenericUtility.BaseClass" name="@AfterSuite config_AS" time="0.0">
    <ignored/>
  </testcase> <!-- @AfterSuite config_AS -->
  <testcase classname="FrameworkusingBaseclass.CreateUserCheckinAdminTest" name="Createuser" time="0.0">
    <ignored/>
  </testcase> <!-- Createuser -->
  <testcase classname="FrameworkusingBaseclass.AdminworkflowTest" name="Adminwork" time="0.0">
    <ignored/>
  </testcase> <!-- Adminwork -->
  <testcase classname="FrameworkusingBaseclass.CheckingParticularMedicalHistoryTest" name="Checkmedicalhistory" time="0.0">
    <ignored/>
  </testcase> <!-- Checkmedicalhistory -->
  <testcase classname="com.hms.GenericUtility.BaseClass" name="@BeforeSuite config_BS" time="0.0">
    <ignored/>
  </testcase> <!-- @BeforeSuite config_BS -->
  <testcase classname="com.hms.GenericUtility.BaseClass" name="@BeforeSuite config_BS" time="0.0">
    <ignored/>
  </testcase> <!-- @BeforeSuite config_BS -->
  <testcase classname="com.hms.GenericUtility.BaseClass" name="@BeforeSuite config_BS" time="0.0">
    <ignored/>
  </testcase> <!-- @BeforeSuite config_BS -->
  <testcase classname="com.hms.GenericUtility.BaseClass" name="@BeforeSuite config_BS" time="0.0">
    <ignored/>
  </testcase> <!-- @BeforeSuite config_BS -->
  <testcase classname="com.hms.GenericUtility.BaseClass" name="@BeforeSuite config_BS" time="0.0">
    <ignored/>
  </testcase> <!-- @BeforeSuite config_BS -->
  <testcase classname="com.hms.GenericUtility.BaseClass" name="@BeforeSuite config_BS" time="0.0">
    <ignored/>
  </testcase> <!-- @BeforeSuite config_BS -->
  <testcase classname="com.hms.GenericUtility.BaseClass" name="@BeforeSuite config_BS" time="0.0">
    <ignored/>
  </testcase> <!-- @BeforeSuite config_BS -->
  <testcase classname="FrameworkusingBaseclass.CancelAppointmentTest" name="CancelAppointment" time="0.0">
    <ignored/>
  </testcase> <!-- CancelAppointment -->
  <testcase classname="FrameworkusingBaseclass.ChecktheAppointmentbyUserTest" name="checktheAppointment" time="0.0">
    <ignored/>
  </testcase> <!-- checktheAppointment -->
</testsuite> <!-- TestRunner-2 -->
