<?xml version="1.0" encoding="UTF-8"?>
<!-- Generated by org.testng.reporters.JUnitXMLReporter -->
<testsuite ignored="4" hostname="DESKTOP-FCLNE8N" failures="0" tests="6" name="TestRunner-3" time="47.084" errors="0" timestamp="2023-08-08T09:28:06 IST">
  <testcase classname="com.hms.GenericUtility.BaseClass" name="@BeforeClass config_BC" time="4.703">
    <failure type="io.github.bonigarcia.wdm.WebDriverManagerException" message="java.net.SocketException: Network is unreachable: connect">
      <![CDATA[io.github.bonigarcia.wdm.WebDriverManagerException: java.net.SocketException: Network is unreachable: connect
at io.github.bonigarcia.wdm.WebDriverManager.handleException(WebDriverManager.java:776)
at io.github.bonigarcia.wdm.WebDriverManager.manage(WebDriverManager.java:550)
at io.github.bonigarcia.wdm.WebDriverManager.handleException(WebDriverManager.java:773)
at io.github.bonigarcia.wdm.WebDriverManager.manage(WebDriverManager.java:550)
at io.github.bonigarcia.wdm.WebDriverManager.handleException(WebDriverManager.java:766)
at io.github.bonigarcia.wdm.WebDriverManager.manage(WebDriverManager.java:550)
at io.github.bonigarcia.wdm.WebDriverManager.setup(WebDriverManager.java:260)
at com.hms.GenericUtility.BaseClass.config_BC(BaseClass.java:54)
at java.base/java.util.ArrayList.forEach(ArrayList.java:1511)
at java.base/java.util.concurrent.FutureTask.run(FutureTask.java:264)
at java.base/java.util.concurrent.ThreadPoolExecutor.runWorker(ThreadPoolExecutor.java:1136)
at java.base/java.util.concurrent.ThreadPoolExecutor$Worker.run(ThreadPoolExecutor.java:635)
at java.base/java.lang.Thread.run(Thread.java:833)
Caused by: java.net.SocketException: Network is unreachable: connect
at java.base/sun.nio.ch.Net.connect0(Native Method)
at java.base/sun.nio.ch.Net.connect(Net.java:579)
at java.base/sun.nio.ch.Net.connect(Net.java:568)
at java.base/sun.nio.ch.NioSocketImpl.connect(NioSocketImpl.java:588)
at java.base/java.net.SocksSocketImpl.connect(SocksSocketImpl.java:327)
at java.base/java.net.Socket.connect(Socket.java:633)
at org.apache.http.conn.ssl.SSLConnectionSocketFactory.connectSocket(SSLConnectionSocketFactory.java:339)
at org.apache.http.impl.conn.DefaultHttpClientConnectionOperator.connect(DefaultHttpClientConnectionOperator.java:142)
at org.apache.http.impl.conn.PoolingHttpClientConnectionManager.connect(PoolingHttpClientConnectionManager.java:373)
at org.apache.http.impl.execchain.MainClientExec.establishRoute(MainClientExec.java:394)
at org.apache.http.impl.execchain.MainClientExec.execute(MainClientExec.java:237)
at org.apache.http.impl.execchain.ProtocolExec.execute(ProtocolExec.java:185)
at org.apache.http.impl.execchain.RetryExec.execute(RetryExec.java:89)
at org.apache.http.impl.execchain.RedirectExec.execute(RedirectExec.java:110)
at org.apache.http.impl.client.InternalHttpClient.doExecute(InternalHttpClient.java:185)
at org.apache.http.impl.client.CloseableHttpClient.execute(CloseableHttpClient.java:83)
at org.apache.http.impl.client.CloseableHttpClient.execute(CloseableHttpClient.java:108)
at io.github.bonigarcia.wdm.HttpClient.execute(HttpClient.java:169)
at io.github.bonigarcia.wdm.EdgeDriverManager.getDrivers(EdgeDriverManager.java:103)
at io.github.bonigarcia.wdm.WebDriverManager.filterCandidateUrls(WebDriverManager.java:792)
at io.github.bonigarcia.wdm.WebDriverManager.downloadAndExport(WebDriverManager.java:568)
at io.github.bonigarcia.wdm.WebDriverManager.manage(WebDriverManager.java:547)
... 27 more
... Removed 16 stack frames]]>
    </failure>
  </testcase> <!-- @BeforeClass config_BC -->
  <testcase classname="com.hms.GenericUtility.BaseClass" name="@BeforeMethod config_BM" time="-1.691467044052E9">
    <skipped/>
  </testcase> <!-- @BeforeMethod config_BM -->
  <testcase classname="com.hms.GenericUtility.BaseClass" name="@AfterMethod config_AM" time="-1.691467044057E9">
    <skipped/>
  </testcase> <!-- @AfterMethod config_AM -->
  <testcase classname="com.hms.GenericUtility.BaseClass" name="@BeforeClass config_BC" time="42.23">
    <failure type="io.github.bonigarcia.wdm.WebDriverManagerException" message="java.net.UnknownHostException: No such host is known (developer.microsoft.com)">
      <![CDATA[io.github.bonigarcia.wdm.WebDriverManagerException: java.net.UnknownHostException: No such host is known (developer.microsoft.com)
at io.github.bonigarcia.wdm.WebDriverManager.handleException(WebDriverManager.java:776)
at io.github.bonigarcia.wdm.WebDriverManager.manage(WebDriverManager.java:550)
at io.github.bonigarcia.wdm.WebDriverManager.handleException(WebDriverManager.java:773)
at io.github.bonigarcia.wdm.WebDriverManager.manage(WebDriverManager.java:550)
at io.github.bonigarcia.wdm.WebDriverManager.handleException(WebDriverManager.java:766)
at io.github.bonigarcia.wdm.WebDriverManager.manage(WebDriverManager.java:550)
at io.github.bonigarcia.wdm.WebDriverManager.setup(WebDriverManager.java:260)
at com.hms.GenericUtility.BaseClass.config_BC(BaseClass.java:54)
at java.base/java.util.ArrayList.forEach(ArrayList.java:1511)
at java.base/java.util.concurrent.FutureTask.run(FutureTask.java:264)
at java.base/java.util.concurrent.ThreadPoolExecutor.runWorker(ThreadPoolExecutor.java:1136)
at java.base/java.util.concurrent.ThreadPoolExecutor$Worker.run(ThreadPoolExecutor.java:635)
at java.base/java.lang.Thread.run(Thread.java:833)
Caused by: java.net.UnknownHostException: No such host is known (developer.microsoft.com)
at java.base/java.net.Inet6AddressImpl.lookupAllHostAddr(Native Method)
at java.base/java.net.InetAddress$PlatformNameService.lookupAllHostAddr(InetAddress.java:934)
at java.base/java.net.InetAddress.getAddressesFromNameService(InetAddress.java:1543)
at java.base/java.net.InetAddress$NameServiceAddresses.get(InetAddress.java:852)
at java.base/java.net.InetAddress.getAllByName0(InetAddress.java:1533)
at java.base/java.net.InetAddress.getAllByName(InetAddress.java:1385)
at java.base/java.net.InetAddress.getAllByName(InetAddress.java:1306)
at org.apache.http.impl.conn.SystemDefaultDnsResolver.resolve(SystemDefaultDnsResolver.java:45)
at org.apache.http.impl.conn.DefaultHttpClientConnectionOperator.connect(DefaultHttpClientConnectionOperator.java:112)
at org.apache.http.impl.conn.PoolingHttpClientConnectionManager.connect(PoolingHttpClientConnectionManager.java:373)
at org.apache.http.impl.execchain.MainClientExec.establishRoute(MainClientExec.java:394)
at org.apache.http.impl.execchain.MainClientExec.execute(MainClientExec.java:237)
at org.apache.http.impl.execchain.ProtocolExec.execute(ProtocolExec.java:185)
at org.apache.http.impl.execchain.RetryExec.execute(RetryExec.java:89)
at org.apache.http.impl.execchain.RedirectExec.execute(RedirectExec.java:110)
at org.apache.http.impl.client.InternalHttpClient.doExecute(InternalHttpClient.java:185)
at org.apache.http.impl.client.CloseableHttpClient.execute(CloseableHttpClient.java:83)
at org.apache.http.impl.client.CloseableHttpClient.execute(CloseableHttpClient.java:108)
at io.github.bonigarcia.wdm.HttpClient.execute(HttpClient.java:169)
at io.github.bonigarcia.wdm.EdgeDriverManager.getDrivers(EdgeDriverManager.java:103)
at io.github.bonigarcia.wdm.WebDriverManager.filterCandidateUrls(WebDriverManager.java:792)
at io.github.bonigarcia.wdm.WebDriverManager.downloadAndExport(WebDriverManager.java:568)
at io.github.bonigarcia.wdm.WebDriverManager.manage(WebDriverManager.java:547)
... 27 more
... Removed 16 stack frames]]>
    </failure>
  </testcase> <!-- @BeforeClass config_BC -->
  <testcase classname="com.hms.GenericUtility.BaseClass" name="@BeforeMethod config_BM" time="-1.691467086293E9">
    <skipped/>
  </testcase> <!-- @BeforeMethod config_BM -->
  <testcase classname="com.hms.GenericUtility.BaseClass" name="@AfterMethod config_AM" time="-1.6914670863E9">
    <skipped/>
  </testcase> <!-- @AfterMethod config_AM -->
  <testcase classname="com.hms.GenericUtility.BaseClass" name="@BeforeClass config_BC" time="0.066">
    <failure type="io.github.bonigarcia.wdm.WebDriverManagerException" message="java.net.UnknownHostException: developer.microsoft.com">
      <![CDATA[io.github.bonigarcia.wdm.WebDriverManagerException: java.net.UnknownHostException: developer.microsoft.com
at io.github.bonigarcia.wdm.WebDriverManager.handleException(WebDriverManager.java:776)
at io.github.bonigarcia.wdm.WebDriverManager.manage(WebDriverManager.java:550)
at io.github.bonigarcia.wdm.WebDriverManager.handleException(WebDriverManager.java:773)
at io.github.bonigarcia.wdm.WebDriverManager.manage(WebDriverManager.java:550)
at io.github.bonigarcia.wdm.WebDriverManager.handleException(WebDriverManager.java:766)
at io.github.bonigarcia.wdm.WebDriverManager.manage(WebDriverManager.java:550)
at io.github.bonigarcia.wdm.WebDriverManager.setup(WebDriverManager.java:260)
at com.hms.GenericUtility.BaseClass.config_BC(BaseClass.java:54)
at java.base/java.util.ArrayList.forEach(ArrayList.java:1511)
at java.base/java.util.concurrent.FutureTask.run(FutureTask.java:264)
at java.base/java.util.concurrent.ThreadPoolExecutor.runWorker(ThreadPoolExecutor.java:1136)
at java.base/java.util.concurrent.ThreadPoolExecutor$Worker.run(ThreadPoolExecutor.java:635)
at java.base/java.lang.Thread.run(Thread.java:833)
Caused by: java.net.UnknownHostException: developer.microsoft.com
at java.base/java.net.InetAddress$CachedAddresses.get(InetAddress.java:801)
at java.base/java.net.InetAddress.getAllByName0(InetAddress.java:1533)
at java.base/java.net.InetAddress.getAllByName(InetAddress.java:1385)
at java.base/java.net.InetAddress.getAllByName(InetAddress.java:1306)
at org.apache.http.impl.conn.SystemDefaultDnsResolver.resolve(SystemDefaultDnsResolver.java:45)
at org.apache.http.impl.conn.DefaultHttpClientConnectionOperator.connect(DefaultHttpClientConnectionOperator.java:112)
at org.apache.http.impl.conn.PoolingHttpClientConnectionManager.connect(PoolingHttpClientConnectionManager.java:373)
at org.apache.http.impl.execchain.MainClientExec.establishRoute(MainClientExec.java:394)
at org.apache.http.impl.execchain.MainClientExec.execute(MainClientExec.java:237)
at org.apache.http.impl.execchain.ProtocolExec.execute(ProtocolExec.java:185)
at org.apache.http.impl.execchain.RetryExec.execute(RetryExec.java:89)
at org.apache.http.impl.execchain.RedirectExec.execute(RedirectExec.java:110)
at org.apache.http.impl.client.InternalHttpClient.doExecute(InternalHttpClient.java:185)
at org.apache.http.impl.client.CloseableHttpClient.execute(CloseableHttpClient.java:83)
at org.apache.http.impl.client.CloseableHttpClient.execute(CloseableHttpClient.java:108)
at io.github.bonigarcia.wdm.HttpClient.execute(HttpClient.java:169)
at io.github.bonigarcia.wdm.EdgeDriverManager.getDrivers(EdgeDriverManager.java:103)
at io.github.bonigarcia.wdm.WebDriverManager.filterCandidateUrls(WebDriverManager.java:792)
at io.github.bonigarcia.wdm.WebDriverManager.downloadAndExport(WebDriverManager.java:568)
at io.github.bonigarcia.wdm.WebDriverManager.manage(WebDriverManager.java:547)
... 27 more
... Removed 16 stack frames]]>
    </failure>
  </testcase> <!-- @BeforeClass config_BC -->
  <testcase classname="com.hms.GenericUtility.BaseClass" name="@BeforeMethod config_BM" time="-1.691467086373E9">
    <skipped/>
  </testcase> <!-- @BeforeMethod config_BM -->
  <testcase classname="com.hms.GenericUtility.BaseClass" name="@AfterMethod config_AM" time="-1.691467086377E9">
    <skipped/>
  </testcase> <!-- @AfterMethod config_AM -->
  <testcase classname="com.hms.GenericUtility.BaseClass" name="@BeforeMethod config_BM" time="-1.691467086378E9">
    <skipped/>
  </testcase> <!-- @BeforeMethod config_BM -->
  <testcase classname="com.hms.GenericUtility.BaseClass" name="@AfterMethod config_AM" time="-1.691467086382E9">
    <skipped/>
  </testcase> <!-- @AfterMethod config_AM -->
  <testcase classname="com.hms.GenericUtility.BaseClass" name="@AfterClass config_AC" time="-1.691467086383E9">
    <skipped/>
  </testcase> <!-- @AfterClass config_AC -->
  <testcase classname="com.hms.GenericUtility.BaseClass" name="@BeforeMethod config_BM" time="-1.691467086384E9">
    <skipped/>
  </testcase> <!-- @BeforeMethod config_BM -->
  <testcase classname="com.hms.GenericUtility.BaseClass" name="@AfterMethod config_AM" time="-1.691467086387E9">
    <skipped/>
  </testcase> <!-- @AfterMethod config_AM -->
  <testcase classname="com.hms.GenericUtility.BaseClass" name="@AfterClass config_AC" time="-1.691467086388E9">
    <skipped/>
  </testcase> <!-- @AfterClass config_AC -->
  <testcase classname="com.hms.GenericUtility.BaseClass" name="@BeforeMethod config_BM" time="-1.69146708639E9">
    <skipped/>
  </testcase> <!-- @BeforeMethod config_BM -->
  <testcase classname="com.hms.GenericUtility.BaseClass" name="@AfterMethod config_AM" time="-1.691467086393E9">
    <skipped/>
  </testcase> <!-- @AfterMethod config_AM -->
  <testcase classname="com.hms.GenericUtility.BaseClass" name="@AfterClass config_AC" time="-1.691467086395E9">
    <skipped/>
  </testcase> <!-- @AfterClass config_AC -->
  <testcase classname="TestNgPractice.userRigistrationTest" name="LoginUser" time="0.0">
    <skipped/>
  </testcase> <!-- LoginUser -->
  <testcase classname="TestNgPractice.AdminLoginTest" name="LoginasAdmin" time="0.0">
    <skipped/>
  </testcase> <!-- LoginasAdmin -->
  <testcase classname="TestNgPractice.DoctorLoginTest" name="LoginasDoctors" time="0.0">
    <skipped/>
  </testcase> <!-- LoginasDoctors -->
  <testcase classname="TestNgPractice.AdminLoginTest" name="LogoutasAdmin" time="0.0">
    <skipped/>
  </testcase> <!-- LogoutasAdmin -->
  <testcase classname="TestNgPractice.userRigistrationTest" name="RigisterUser" time="0.0">
    <skipped/>
  </testcase> <!-- RigisterUser -->
  <testcase classname="TestNgPractice.DoctorLoginTest" name="LogoutasDoctors" time="0.0">
    <skipped/>
  </testcase> <!-- LogoutasDoctors -->
  <testcase classname="com.hms.GenericUtility.BaseClass" name="@AfterSuite config_AS" time="0.0">
    <ignored/>
  </testcase> <!-- @AfterSuite config_AS -->
  <testcase classname="com.hms.GenericUtility.BaseClass" name="@AfterSuite config_AS" time="0.0">
    <ignored/>
  </testcase> <!-- @AfterSuite config_AS -->
  <testcase classname="com.hms.GenericUtility.BaseClass" name="@BeforeSuite config_BS" time="0.0">
    <ignored/>
  </testcase> <!-- @BeforeSuite config_BS -->
  <testcase classname="com.hms.GenericUtility.BaseClass" name="@BeforeSuite config_BS" time="0.0">
    <ignored/>
  </testcase> <!-- @BeforeSuite config_BS -->
</testsuite> <!-- TestRunner-3 -->
